<?xml version="1.0" encoding="UTF-8"?>
<!-- Generated by org.testng.reporters.JUnitXMLReporter -->
<testsuite ignored="12" hostname="DESKTOP-MG03N7G" failures="1" tests="1" name="Default test" time="60.992" errors="0" timestamp="2022-09-15T11:35:04 IST">
  <testcase classname="com.lotustms.testcase.containerOwnerManagement_testCase" name="Tc_ContainerOwnerManagement_001" time="39.11">
    <failure type="org.openqa.selenium.NoSuchElementException" message="no such element: Unable to locate element: {&amp;quot;method&amp;quot;:&amp;quot;xpath&amp;quot;,&amp;quot;selector&amp;quot;:&amp;quot;//span[text()=&amp;apos;Admin Features&amp;apos;]/ancestor::a&amp;quot;}
  (Session info: chrome=105.0.5195.126)
For documentation on this error, please visit: https://www.seleniumhq.org/exceptions/no_such_element.html
Build info: version: &amp;apos;3.141.59&amp;apos;, revision: &amp;apos;e82be7d358&amp;apos;, time: &amp;apos;2018-11-14T08:17:03&amp;apos;
System info: host: &amp;apos;DESKTOP-MG03N7G&amp;apos;, ip: &amp;apos;192.168.56.1&amp;apos;, os.name: &amp;apos;Windows 10&amp;apos;, os.arch: &amp;apos;amd64&amp;apos;, os.version: &amp;apos;10.0&amp;apos;, java.version: &amp;apos;17.0.4&amp;apos;
Driver info: org.openqa.selenium.chrome.ChromeDriver
Capabilities {acceptInsecureCerts: false, browserName: chrome, browserVersion: 105.0.5195.126, chrome: {chromedriverVersion: 105.0.5195.52 (412c95e51883..., userDataDir: C:\Users\DELL\AppData\Local...}, goog:chromeOptions: {debuggerAddress: localhost:50971}, javascriptEnabled: true, networkConnectionEnabled: false, pageLoadStrategy: normal, platform: WINDOWS, platformName: WINDOWS, proxy: Proxy(), setWindowRect: true, strictFileInteractability: false, timeouts: {implicit: 0, pageLoad: 300000, script: 30000}, unhandledPromptBehavior: dismiss and notify, webauthn:extension:credBlob: true, webauthn:extension:largeBlob: true, webauthn:virtualAuthenticators: true}
Session ID: 6244ac4836fa9ace696f3f2a87a98395
*** Element info: {Using=xpath, value=//span[text()=&amp;apos;Admin Features&amp;apos;]/ancestor::a}">
      <![CDATA[org.openqa.selenium.NoSuchElementException: no such element: Unable to locate element: {"method":"xpath","selector":"//span[text()='Admin Features']/ancestor::a"}
  (Session info: chrome=105.0.5195.126)
For documentation on this error, please visit: https://www.seleniumhq.org/exceptions/no_such_element.html
Build info: version: '3.141.59', revision: 'e82be7d358', time: '2018-11-14T08:17:03'
System info: host: 'DESKTOP-MG03N7G', ip: '192.168.56.1', os.name: 'Windows 10', os.arch: 'amd64', os.version: '10.0', java.version: '17.0.4'
Driver info: org.openqa.selenium.chrome.ChromeDriver
Capabilities {acceptInsecureCerts: false, browserName: chrome, browserVersion: 105.0.5195.126, chrome: {chromedriverVersion: 105.0.5195.52 (412c95e51883..., userDataDir: C:\Users\DELL\AppData\Local...}, goog:chromeOptions: {debuggerAddress: localhost:50971}, javascriptEnabled: true, networkConnectionEnabled: false, pageLoadStrategy: normal, platform: WINDOWS, platformName: WINDOWS, proxy: Proxy(), setWindowRect: true, strictFileInteractability: false, timeouts: {implicit: 0, pageLoad: 300000, script: 30000}, unhandledPromptBehavior: dismiss and notify, webauthn:extension:credBlob: true, webauthn:extension:largeBlob: true, webauthn:virtualAuthenticators: true}
Session ID: 6244ac4836fa9ace696f3f2a87a98395
*** Element info: {Using=xpath, value=//span[text()='Admin Features']/ancestor::a}
at java.base/jdk.internal.reflect.NativeConstructorAccessorImpl.newInstance0(Native Method)
at java.base/jdk.internal.reflect.NativeConstructorAccessorImpl.newInstance(NativeConstructorAccessorImpl.java:77)
at java.base/jdk.internal.reflect.DelegatingConstructorAccessorImpl.newInstance(DelegatingConstructorAccessorImpl.java:45)
at java.base/java.lang.reflect.Constructor.newInstanceWithCaller(Constructor.java:499)
at java.base/java.lang.reflect.Constructor.newInstance(Constructor.java:480)
at org.openqa.selenium.remote.http.W3CHttpResponseCodec.createException(W3CHttpResponseCodec.java:187)
at org.openqa.selenium.remote.http.W3CHttpResponseCodec.decode(W3CHttpResponseCodec.java:122)
at org.openqa.selenium.remote.http.W3CHttpResponseCodec.decode(W3CHttpResponseCodec.java:49)
at org.openqa.selenium.remote.HttpCommandExecutor.execute(HttpCommandExecutor.java:158)
at org.openqa.selenium.remote.service.DriverCommandExecutor.execute(DriverCommandExecutor.java:83)
at org.openqa.selenium.remote.RemoteWebDriver.execute(RemoteWebDriver.java:552)
at org.openqa.selenium.remote.RemoteWebDriver.findElement(RemoteWebDriver.java:323)
at org.openqa.selenium.remote.RemoteWebDriver.findElementByXPath(RemoteWebDriver.java:428)
at org.openqa.selenium.By$ByXPath.findElement(By.java:353)
at org.openqa.selenium.remote.RemoteWebDriver.findElement(RemoteWebDriver.java:315)
at org.openqa.selenium.support.pagefactory.DefaultElementLocator.findElement(DefaultElementLocator.java:69)
at org.openqa.selenium.support.pagefactory.internal.LocatingElementHandler.invoke(LocatingElementHandler.java:38)
at jdk.proxy2/jdk.proxy2.$Proxy28.getWrappedElement(Unknown Source)
at org.openqa.selenium.remote.internal.WebElementToJsonConverter.apply(WebElementToJsonConverter.java:50)
at java.base/java.util.stream.ReferencePipeline$3$1.accept(ReferencePipeline.java:197)
at java.base/java.util.Spliterators$ArraySpliterator.forEachRemaining(Spliterators.java:992)
at java.base/java.util.stream.AbstractPipeline.copyInto(AbstractPipeline.java:509)
at java.base/java.util.stream.AbstractPipeline.wrapAndCopyInto(AbstractPipeline.java:499)
at java.base/java.util.stream.ReduceOps$ReduceOp.evaluateSequential(ReduceOps.java:921)
at java.base/java.util.stream.AbstractPipeline.evaluate(AbstractPipeline.java:234)
at java.base/java.util.stream.ReferencePipeline.collect(ReferencePipeline.java:682)
at org.openqa.selenium.remote.RemoteWebDriver.executeScript(RemoteWebDriver.java:484)
at com.lotustms.actiondriver.Action.JSClick(Action.java:301)
at com.lotustms.pageObjects.containerOwnerManagementPage.adminFeature(containerOwnerManagementPage.java:107)
at com.lotustms.testcase.containerOwnerManagement_testCase.Tc_ContainerOwnerManagement_001(containerOwnerManagement_testCase.java:33)
at java.base/jdk.internal.reflect.NativeMethodAccessorImpl.invoke0(Native Method)
at java.base/jdk.internal.reflect.NativeMethodAccessorImpl.invoke(NativeMethodAccessorImpl.java:77)
at java.base/jdk.internal.reflect.DelegatingMethodAccessorImpl.invoke(DelegatingMethodAccessorImpl.java:43)
at java.base/java.lang.reflect.Method.invoke(Method.java:568)
at org.testng.internal.MethodInvocationHelper.invokeMethod(MethodInvocationHelper.java:133)
at org.testng.internal.TestInvoker.invokeMethod(TestInvoker.java:598)
at org.testng.internal.TestInvoker.invokeTestMethod(TestInvoker.java:173)
at org.testng.internal.MethodRunner.runInSequence(MethodRunner.java:46)
at org.testng.internal.TestInvoker$MethodInvocationAgent.invoke(TestInvoker.java:824)
at org.testng.internal.TestInvoker.invokeTestMethods(TestInvoker.java:146)
at org.testng.internal.TestMethodWorker.invokeTestMethods(TestMethodWorker.java:146)
at org.testng.internal.TestMethodWorker.run(TestMethodWorker.java:128)
at java.base/java.util.ArrayList.forEach(ArrayList.java:1511)
at org.testng.TestRunner.privateRun(TestRunner.java:794)
at org.testng.TestRunner.run(TestRunner.java:596)
at org.testng.SuiteRunner.runTest(SuiteRunner.java:377)
at org.testng.SuiteRunner.runSequentially(SuiteRunner.java:371)
at org.testng.SuiteRunner.privateRun(SuiteRunner.java:332)
at org.testng.SuiteRunner.run(SuiteRunner.java:276)
at org.testng.SuiteRunnerWorker.runSuite(SuiteRunnerWorker.java:53)
at org.testng.SuiteRunnerWorker.run(SuiteRunnerWorker.java:96)
at org.testng.TestNG.runSuitesSequentially(TestNG.java:1212)
at org.testng.TestNG.runSuitesLocally(TestNG.java:1134)
at org.testng.TestNG.runSuites(TestNG.java:1063)
at org.testng.TestNG.run(TestNG.java:1031)
at org.testng.remote.AbstractRemoteTestNG.run(AbstractRemoteTestNG.java:115)
at org.testng.remote.RemoteTestNG.initAndRun(RemoteTestNG.java:251)
at org.testng.remote.RemoteTestNG.main(RemoteTestNG.java:77)
]]>
    </failure>
  </testcase> <!-- Tc_ContainerOwnerManagement_001 -->
  <testcase classname="com.lotustms.testcase.containerOwnerManagement_testCase" name="Tc_ContainerOwnerManagement_011" time="0.0">
    <ignored/>
  </testcase> <!-- Tc_ContainerOwnerManagement_011 -->
  <testcase classname="com.lotustms.testcase.containerOwnerManagement_testCase" name="Tc_ContainerOwnerManagement_003" time="0.0">
    <ignored/>
  </testcase> <!-- Tc_ContainerOwnerManagement_003 -->
  <testcase classname="com.lotustms.testcase.containerOwnerManagement_testCase" name="Tc_ContainerOwnerManagement_002" time="0.0">
    <ignored/>
  </testcase> <!-- Tc_ContainerOwnerManagement_002 -->
  <testcase classname="com.lotustms.testcase.containerOwnerManagement_testCase" name="Tc_ContainerOwnerManagement_013" time="0.0">
    <ignored/>
  </testcase> <!-- Tc_ContainerOwnerManagement_013 -->
  <testcase classname="com.lotustms.testcase.containerOwnerManagement_testCase" name="Tc_ContainerOwnerManagement_005" time="0.0">
    <ignored/>
  </testcase> <!-- Tc_ContainerOwnerManagement_005 -->
  <testcase classname="com.lotustms.testcase.containerOwnerManagement_testCase" name="Tc_ContainerOwnerManagement_004" time="0.0">
    <ignored/>
  </testcase> <!-- Tc_ContainerOwnerManagement_004 -->
  <testcase classname="com.lotustms.testcase.containerOwnerManagement_testCase" name="Tc_ContainerOwnerManagement_007" time="0.0">
    <ignored/>
  </testcase> <!-- Tc_ContainerOwnerManagement_007 -->
  <testcase classname="com.lotustms.testcase.containerOwnerManagement_testCase" name="Tc_ContainerOwnerManagement_006" time="0.0">
    <ignored/>
  </testcase> <!-- Tc_ContainerOwnerManagement_006 -->
  <testcase classname="com.lotustms.testcase.containerOwnerManagement_testCase" name="Tc_ContainerOwnerManagement_009" time="0.0">
    <ignored/>
  </testcase> <!-- Tc_ContainerOwnerManagement_009 -->
  <testcase classname="com.lotustms.testcase.containerOwnerManagement_testCase" name="Tc_ContainerOwnerManagement_008" time="0.0">
    <ignored/>
  </testcase> <!-- Tc_ContainerOwnerManagement_008 -->
  <testcase classname="com.lotustms.testcase.containerOwnerManagement_testCase" name="Tc_ContainerOwnerManagement_010" time="0.0">
    <ignored/>
  </testcase> <!-- Tc_ContainerOwnerManagement_010 -->
  <testcase classname="com.lotustms.testcase.containerOwnerManagement_testCase" name="Tc_ContainerOwnerManagement_012" time="0.0">
    <ignored/>
  </testcase> <!-- Tc_ContainerOwnerManagement_012 -->
</testsuite> <!-- Default test -->
